#
# There is insufficient memory for the Java Runtime Environment to continue.
# Native memory allocation (mmap) failed to map 130023424 bytes for Failed to commit area from 0x0000000085200000 to 0x000000008ce00000 of length 130023424.
# Possible reasons:
#   The system is out of physical RAM or swap space
#   The process is running with CompressedOops enabled, and the Java Heap may be blocking the growth of the native heap
# Possible solutions:
#   Reduce memory load on the system
#   Increase physical memory or swap space
#   Check if swap backing store is full
#   Decrease Java heap size (-Xmx/-Xms)
#   Decrease number of Java threads
#   Decrease Java thread stack sizes (-Xss)
#   Set larger code cache with -XX:ReservedCodeCacheSize=
# This output file may be truncated or incomplete.
#
#  Out of Memory Error (src/hotspot/os/windows/os_windows.cpp:3624), pid=16372, tid=8292
#
# JRE version:  (11.0.14.1+1) (build )
# Java VM: OpenJDK 64-Bit Server VM (11.0.14.1+1-b2043.25, mixed mode, sharing, tiered, compressed oops, g1 gc, windows-amd64)
# No core dump will be written. Minidumps are not enabled by default on client versions of Windows
#

---------------  S U M M A R Y ------------

Command Line: git4idea.http.GitAskPassApp Username for 'https://github.com': 

Host: Intel(R) Core(TM) i5-6300U CPU @ 2.40GHz, 4 cores, 7G,  Windows 10 , 64 bit Build 19041 (10.0.19041.3031)
Time: Sun Jul  2 00:30:03 2023 Maroc (heure d’été) elapsed time: 0.021288 seconds (0d 0h 0m 0s)

---------------  T H R E A D  ---------------

Current thread (0x000001f591c2b800):  JavaThread "Unknown thread" [_thread_in_vm, id=8292, stack(0x000000ae02a00000,0x000000ae02b00000)]

Stack: [0x000000ae02a00000,0x000000ae02b00000]
Native frames: (J=compiled Java code, j=interpreted, Vv=VM code, C=native code)
V  [jvm.dll+0x61618a]
V  [jvm.dll+0x79c450]
V  [jvm.dll+0x79da6d]
V  [jvm.dll+0x79e143]
V  [jvm.dll+0x24c968]
V  [jvm.dll+0x6131f4]
V  [jvm.dll+0x607ef5]
V  [jvm.dll+0x30b35b]
V  [jvm.dll+0x30b2ca]
V  [jvm.dll+0x30b1a2]
V  [jvm.dll+0x3100f6]
V  [jvm.dll+0x35b7e3]
V  [jvm.dll+0x35bee6]
V  [jvm.dll+0x35b8e3]
V  [jvm.dll+0x2e5b68]
V  [jvm.dll+0x2e6d17]
V  [jvm.dll+0x779087]
V  [jvm.dll+0x77a87c]
V  [jvm.dll+0x368d99]
V  [jvm.dll+0x75c9de]
V  [jvm.dll+0x3d6d53]
V  [jvm.dll+0x3d92f1]
C  [jli.dll+0x536b]
C  [ucrtbase.dll+0x21bb2]
C  [KERNEL32.DLL+0x17614]
C  [ntdll.dll+0x526f1]


---------------  P R O C E S S  ---------------

Threads class SMR info:
_java_thread_list=0x000001f58fb40490, length=0, elements={
}

Java Threads: ( => current thread )

Other Threads:
  0x000001f591c45800 GCTaskThread "GC Thread#0" [stack: 0x000000ae02b00000,0x000000ae02c00000] [id=3852]
  0x000001f591c74000 ConcurrentGCThread "G1 Main Marker" [stack: 0x000000ae02c00000,0x000000ae02d00000] [id=14560]
  0x000001f591c76800 ConcurrentGCThread "G1 Conc#0" [stack: 0x000000ae02d00000,0x000000ae02e00000] [id=5544]

[error occurred during error reporting (printing all threads), id 0xc0000005, EXCEPTION_ACCESS_VIOLATION (0xc0000005) at pc=0x00007ffc6d5c6177]

VM state:not at safepoint (not fully initialized)

VM Mutex/Monitor currently owned by a thread:  ([mutex/lock_event])
[0x000001f591c27f40] Heap_lock - owner thread: 0x000001f591c2b800

Heap address: 0x0000000085200000, size: 1966 MB, Compressed Oops mode: Non-zero based: 0x0000000085200000
Narrow klass base: 0x0000000000000000, Narrow klass shift: 0

GC Heap History (0 events):
No events

Deoptimization events (0 events):
No events

Classes redefined (0 events):
No events

Internal exceptions (0 events):
No events

Events (1 events):
Event: 0.013 Loaded shared library C:\Program Files\JetBrains\PhpStorm 2022.1\jbr\bin\zip.dll


Dynamic libraries:
0x00007ff6a75b0000 - 0x00007ff6a75ba000 	C:\Program Files\JetBrains\PhpStorm 2022.1\jbr\bin\java.exe
0x00007ffce76d0000 - 0x00007ffce78c8000 	C:\WINDOWS\SYSTEM32\ntdll.dll
0x00007ffce5f40000 - 0x00007ffce5fff000 	C:\WINDOWS\System32\KERNEL32.DLL
0x00007ffce51b0000 - 0x00007ffce54a6000 	C:\WINDOWS\System32\KERNELBASE.dll
0x00007ffce4db0000 - 0x00007ffce4eb0000 	C:\WINDOWS\System32\ucrtbase.dll
0x00007ffcdbf20000 - 0x00007ffcdbf39000 	C:\Program Files\JetBrains\PhpStorm 2022.1\jbr\bin\jli.dll
0x00007ffcb4700000 - 0x00007ffcb4716000 	C:\Program Files\JetBrains\PhpStorm 2022.1\jbr\bin\VCRUNTIME140.dll
0x00007ffce63d0000 - 0x00007ffce656d000 	C:\WINDOWS\System32\USER32.dll
0x00007ffce54b0000 - 0x00007ffce54d2000 	C:\WINDOWS\System32\win32u.dll
0x00007ffcd1ae0000 - 0x00007ffcd1d7a000 	C:\WINDOWS\WinSxS\amd64_microsoft.windows.common-controls_6595b64144ccf1df_6.0.19041.1110_none_60b5254171f9507e\COMCTL32.dll
0x00007ffce5880000 - 0x00007ffce58ac000 	C:\WINDOWS\System32\GDI32.dll
0x00007ffce5730000 - 0x00007ffce57ce000 	C:\WINDOWS\System32\msvcrt.dll
0x00007ffce5570000 - 0x00007ffce5685000 	C:\WINDOWS\System32\gdi32full.dll
0x00007ffce5690000 - 0x00007ffce572d000 	C:\WINDOWS\System32\msvcp_win.dll
0x00007ffce63a0000 - 0x00007ffce63d0000 	C:\WINDOWS\System32\IMM32.DLL
0x00007ffc43f80000 - 0x00007ffc4402a000 	C:\Program Files\JetBrains\PhpStorm 2022.1\jbr\bin\msvcp140.dll
0x00007ffc6d2d0000 - 0x00007ffc6de4a000 	C:\Program Files\JetBrains\PhpStorm 2022.1\jbr\bin\server\jvm.dll
0x00007ffce57d0000 - 0x00007ffce587f000 	C:\WINDOWS\System32\ADVAPI32.dll
0x00007ffce5b60000 - 0x00007ffce5bfc000 	C:\WINDOWS\System32\sechost.dll
0x00007ffce70f0000 - 0x00007ffce7216000 	C:\WINDOWS\System32\RPCRT4.dll
0x00007ffce6570000 - 0x00007ffce6578000 	C:\WINDOWS\System32\PSAPI.DLL
0x00007ffccd260000 - 0x00007ffccd287000 	C:\WINDOWS\SYSTEM32\WINMM.dll
0x00007ffcde940000 - 0x00007ffcde949000 	C:\WINDOWS\SYSTEM32\WSOCK32.dll
0x00007ffce6130000 - 0x00007ffce619b000 	C:\WINDOWS\System32\WS2_32.dll
0x00007ffcdbd70000 - 0x00007ffcdbd7a000 	C:\WINDOWS\SYSTEM32\VERSION.dll
0x00007ffce35f0000 - 0x00007ffce3602000 	C:\WINDOWS\SYSTEM32\kernel.appcore.dll
0x00007ffcdd960000 - 0x00007ffcdd971000 	C:\Program Files\JetBrains\PhpStorm 2022.1\jbr\bin\verify.dll
0x00007ffccd2c0000 - 0x00007ffccd4a4000 	C:\WINDOWS\SYSTEM32\DBGHELP.DLL
0x00007ffcccd00000 - 0x00007ffcccd34000 	C:\WINDOWS\SYSTEM32\dbgcore.DLL
0x00007ffce54e0000 - 0x00007ffce5562000 	C:\WINDOWS\System32\bcryptPrimitives.dll
0x00007ffcdd930000 - 0x00007ffcdd959000 	C:\Program Files\JetBrains\PhpStorm 2022.1\jbr\bin\java.dll
0x00007ffcde930000 - 0x00007ffcde93b000 	C:\Program Files\JetBrains\PhpStorm 2022.1\jbr\bin\jimage.dll
0x00007ffcd1e30000 - 0x00007ffcd1e49000 	C:\Program Files\JetBrains\PhpStorm 2022.1\jbr\bin\zip.dll

dbghelp: loaded successfully - version: 4.0.5 - missing functions: none
symbol engine: initialized successfully - sym options: 0x614 - pdb path: .;C:\Program Files\JetBrains\PhpStorm 2022.1\jbr\bin;C:\WINDOWS\SYSTEM32;C:\WINDOWS\WinSxS\amd64_microsoft.windows.common-controls_6595b64144ccf1df_6.0.19041.1110_none_60b5254171f9507e;C:\Program Files\JetBrains\PhpStorm 2022.1\jbr\bin\server

VM Arguments:
java_command: git4idea.http.GitAskPassApp Username for 'https://github.com': 
java_class_path (initial): C:/Program Files/JetBrains/PhpStorm 2022.1/plugins/git4idea/lib/git4idea-rt.jar;C:/Program Files/JetBrains/PhpStorm 2022.1/lib/externalProcess-rt.jar;C:/Program Files/JetBrains/PhpStorm 2022.1/lib/app.jar;C:/Program Files/JetBrains/PhpStorm 2022.1/lib/3rd-party-rt.jar
Launcher Type: SUN_STANDARD

[Global flags]
     intx CICompilerCount                          = 3                                         {product} {ergonomic}
     uint ConcGCThreads                            = 1                                         {product} {ergonomic}
     uint G1ConcRefinementThreads                  = 4                                         {product} {ergonomic}
   size_t G1HeapRegionSize                         = 1048576                                   {product} {ergonomic}
    uintx GCDrainStackTargetSize                   = 64                                        {product} {ergonomic}
   size_t InitialHeapSize                          = 130023424                                 {product} {ergonomic}
   size_t MarkStackSize                            = 4194304                                   {product} {ergonomic}
   size_t MaxHeapSize                              = 2061500416                                {product} {ergonomic}
   size_t MinHeapDeltaBytes                        = 1048576                                   {product} {ergonomic}
    uintx NonNMethodCodeHeapSize                   = 5830732                                {pd product} {ergonomic}
    uintx NonProfiledCodeHeapSize                  = 122913754                              {pd product} {ergonomic}
    uintx ProfiledCodeHeapSize                     = 122913754                              {pd product} {ergonomic}
    uintx ReservedCodeCacheSize                    = 251658240                              {pd product} {ergonomic}
     bool SegmentedCodeCache                       = true                                      {product} {ergonomic}
     bool UseCompressedClassPointers               = true                                 {lp64_product} {ergonomic}
     bool UseCompressedOops                        = true                                 {lp64_product} {ergonomic}
     bool UseG1GC                                  = true                                      {product} {ergonomic}
     bool UseLargePagesIndividualAllocation        = false                                  {pd product} {ergonomic}

Logging:
Log output configuration:
 #0: stdout all=warning uptime,level,tags
 #1: stderr all=off uptime,level,tags

Environment Variables:
PATH=C:\Program Files\Git\mingw64\libexec\git-core;C:\Program Files\Git\mingw64\libexec\git-core;C:\Program Files\Git\mingw64\bin;C:\Program Files\Git\usr\bin;C:\Users\Eloge\bin;C:\Python311\Scripts;C:\Python311;C:\WINDOWS\system32;C:\WINDOWS;C:\WINDOWS\System32\Wbem;C:\WINDOWS\System32\WindowsPowerShell\v1.0;C:\WINDOWS\System32\OpenSSH;C:\Program Files\Microsoft SQL Server\120\Tools\Binn;C:\Program Files\Common Files\Autodesk Shared;C:\Program Files\nodejs;C:\ProgramData\chocolatey\bin;C:\Program Files\Git\cmd;C:\composer;C:\Program Files\MySQL\MySQL Shell 8.0\bin;C:\Users\Eloge\AppData\Local\Microsoft\WindowsApps;C:\Users\Eloge\AppData\Local\Programs\Microsoft VS Code\bin;C:\Program Files\JetBrains\PhpStorm 2022.1\bin;C:\Users\Eloge\AppData\Roaming\npm;C:\PHP;C:\Users\Eloge\AppData\Roaming\Composer\vendor\bin
USERNAME=Eloge
DISPLAY=:0.0
LC_ALL=en_US.UTF-8
OS=Windows_NT
PROCESSOR_IDENTIFIER=Intel64 Family 6 Model 78 Stepping 3, GenuineIntel



---------------  S Y S T E M  ---------------

OS: Windows 10 , 64 bit Build 19041 (10.0.19041.3031)
OS uptime: 0 days 13:00 hours

CPU:total 4 (initial active 4) (2 cores per cpu, 2 threads per core) family 6 model 78 stepping 3 microcode 0xcc, cmov, cx8, fxsr, mmx, sse, sse2, sse3, ssse3, sse4.1, sse4.2, popcnt, avx, avx2, aes, clmul, erms, rtm, 3dnowpref, lzcnt, ht, tsc, tscinvbit, bmi1, bmi2, adx, fma

Memory: 4k page, system-wide physical 7860M (953M free)
TotalPageFile size 13717M (AvailPageFile size 101M)
current process WorkingSet (physical memory assigned to process): 10M, peak: 10M
current process commit charge ("private bytes"): 51M, peak: 175M

vm_info: OpenJDK 64-Bit Server VM (11.0.14.1+1-b2043.25) for windows-amd64 JRE (11.0.14.1+1-b2043.25), built on Mar 30 2022 06:22:56 by "" with MS VC++ 14.0 (VS2015)

END.
